2023-06-23 23:39:41: OverwriteModelError: Cannot overwrite `history_pesan` model once compiled.
2023-06-23 23:39:41:     at Mongoose.model (D:\Flutter Project\BlastWA\blast_wa\node_modules\mongoose\lib\index.js:565:13)
2023-06-23 23:39:41:     at Object.<anonymous> (D:\Flutter Project\BlastWA\blast_wa\src\models\history_send_schema.ts:14:36)
2023-06-23 23:39:41:     at Module._compile (node:internal/modules/cjs/loader:1254:14)
2023-06-23 23:39:41:     at Object.Module._extensions..js (node:internal/modules/cjs/loader:1308:10)
2023-06-23 23:39:41:     at Module.load (node:internal/modules/cjs/loader:1117:32)
2023-06-23 23:39:41:     at Function.Module._load (node:internal/modules/cjs/loader:958:12)
2023-06-23 23:39:41:     at Module.require (node:internal/modules/cjs/loader:1141:19)
2023-06-23 23:39:41:     at Module.Hook._require.Module.require (D:\Flutter Project\BlastWA\blast_wa\node_modules\require-in-the-middle\index.js:101:39)
2023-06-23 23:39:41:     at require (node:internal/modules/cjs/helpers:110:18)
2023-06-23 23:39:41:     at Object.<anonymous> (D:\Flutter Project\BlastWA\blast_wa\src\routes\sendmessagePOST.ts:9:1)
2023-06-23 23:40:13: OverwriteModelError: Cannot overwrite `history_pesan` model once compiled.
2023-06-23 23:40:13:     at Mongoose.model (D:\Flutter Project\BlastWA\blast_wa\node_modules\mongoose\lib\index.js:565:13)
2023-06-23 23:40:13:     at Object.<anonymous> (D:\Flutter Project\BlastWA\blast_wa\src\models\history_send_schema.ts:14:36)
2023-06-23 23:40:13:     at Module._compile (node:internal/modules/cjs/loader:1254:14)
2023-06-23 23:40:13:     at Object.Module._extensions..js (node:internal/modules/cjs/loader:1308:10)
2023-06-23 23:40:13:     at Module.load (node:internal/modules/cjs/loader:1117:32)
2023-06-23 23:40:13:     at Function.Module._load (node:internal/modules/cjs/loader:958:12)
2023-06-23 23:40:13:     at Module.require (node:internal/modules/cjs/loader:1141:19)
2023-06-23 23:40:13:     at Module.Hook._require.Module.require (D:\Flutter Project\BlastWA\blast_wa\node_modules\require-in-the-middle\index.js:101:39)
2023-06-23 23:40:13:     at require (node:internal/modules/cjs/helpers:110:18)
2023-06-23 23:40:13:     at Object.<anonymous> (D:\Flutter Project\BlastWA\blast_wa\src\routes\sendmessagePOST.ts:9:1)
2023-06-24 00:11:06: TypeError: Cannot destructure property 'id_pesan' of 'req.body.id_pesan' as it is undefined.
2023-06-24 00:11:06:     at D:\Flutter Project\BlastWA\blast_wa\src\routes\sendmessagePOST.ts:529:17
2023-06-24 00:11:06:     at Generator.next (<anonymous>)
2023-06-24 00:11:06:     at D:\Flutter Project\BlastWA\blast_wa\dist\routes\sendmessagePOST.js:31:71
2023-06-24 00:11:06:     at new Promise (<anonymous>)
2023-06-24 00:11:06:     at __awaiter (D:\Flutter Project\BlastWA\blast_wa\dist\routes\sendmessagePOST.js:27:12)
2023-06-24 00:11:06:     at D:\Flutter Project\BlastWA\blast_wa\src\routes\sendmessagePOST.ts:528:59
2023-06-24 00:11:06:     at Layer.handle [as handle_request] (D:\Flutter Project\BlastWA\blast_wa\node_modules\express\lib\router\layer.js:95:5)
2023-06-24 00:11:06:     at next (D:\Flutter Project\BlastWA\blast_wa\node_modules\express\lib\router\route.js:144:13)
2023-06-24 00:11:06:     at Route.dispatch (D:\Flutter Project\BlastWA\blast_wa\node_modules\express\lib\router\route.js:114:3)
2023-06-24 00:11:06:     at Layer.handle [as handle_request] (D:\Flutter Project\BlastWA\blast_wa\node_modules\express\lib\router\layer.js:95:5)
2023-06-24 00:11:06:     at D:\Flutter Project\BlastWA\blast_wa\node_modules\express\lib\router\index.js:284:15
2023-06-24 00:11:06:     at param (D:\Flutter Project\BlastWA\blast_wa\node_modules\express\lib\router\index.js:365:14)
2023-06-24 00:11:06:     at param (D:\Flutter Project\BlastWA\blast_wa\node_modules\express\lib\router\index.js:376:14)
2023-06-24 00:11:06:     at Function.process_params (D:\Flutter Project\BlastWA\blast_wa\node_modules\express\lib\router\index.js:421:3)
2023-06-24 00:11:06:     at next (D:\Flutter Project\BlastWA\blast_wa\node_modules\express\lib\router\index.js:280:10)
2023-06-24 00:11:06:     at urlencodedParser (D:\Flutter Project\BlastWA\blast_wa\node_modules\body-parser\lib\types\urlencoded.js:91:7)
2023-06-24 00:12:06: TypeError: Cannot destructure property 'id_pesan' of 'req.body.id_pesan' as it is undefined.
2023-06-24 00:12:06:     at D:\Flutter Project\BlastWA\blast_wa\src\routes\sendmessagePOST.ts:529:17
2023-06-24 00:12:06:     at Generator.next (<anonymous>)
2023-06-24 00:12:06:     at D:\Flutter Project\BlastWA\blast_wa\dist\routes\sendmessagePOST.js:31:71
2023-06-24 00:12:06:     at new Promise (<anonymous>)
2023-06-24 00:12:06:     at __awaiter (D:\Flutter Project\BlastWA\blast_wa\dist\routes\sendmessagePOST.js:27:12)
2023-06-24 00:12:06:     at D:\Flutter Project\BlastWA\blast_wa\src\routes\sendmessagePOST.ts:528:59
2023-06-24 00:12:06:     at Layer.handle [as handle_request] (D:\Flutter Project\BlastWA\blast_wa\node_modules\express\lib\router\layer.js:95:5)
2023-06-24 00:12:06:     at next (D:\Flutter Project\BlastWA\blast_wa\node_modules\express\lib\router\route.js:144:13)
2023-06-24 00:12:06:     at Route.dispatch (D:\Flutter Project\BlastWA\blast_wa\node_modules\express\lib\router\route.js:114:3)
2023-06-24 00:12:06:     at Layer.handle [as handle_request] (D:\Flutter Project\BlastWA\blast_wa\node_modules\express\lib\router\layer.js:95:5)
2023-06-24 00:12:06:     at D:\Flutter Project\BlastWA\blast_wa\node_modules\express\lib\router\index.js:284:15
2023-06-24 00:12:06:     at param (D:\Flutter Project\BlastWA\blast_wa\node_modules\express\lib\router\index.js:365:14)
2023-06-24 00:12:06:     at param (D:\Flutter Project\BlastWA\blast_wa\node_modules\express\lib\router\index.js:376:14)
2023-06-24 00:12:06:     at Function.process_params (D:\Flutter Project\BlastWA\blast_wa\node_modules\express\lib\router\index.js:421:3)
2023-06-24 00:12:06:     at next (D:\Flutter Project\BlastWA\blast_wa\node_modules\express\lib\router\index.js:280:10)
2023-06-24 00:12:06:     at urlencodedParser (D:\Flutter Project\BlastWA\blast_wa\node_modules\body-parser\lib\types\urlencoded.js:91:7)
